INFO: /Users/nessibeliyeltay/Documents/ALEM/forum/main.go:46 2025/01/13 18:59:19 logger.go:39: connected to db
INFO: /Users/nessibeliyeltay/Documents/ALEM/forum/main.go:57 2025/01/13 18:59:19 logger.go:39: server is running on https://localhost:8081
INFO: /Users/nessibeliyeltay/Documents/ALEM/forum/internal/handler/middleware.go:93 2025/01/13 18:59:36 logger.go:39: [::1]:57963 - HTTP/2.0 GET /
INFO: /Users/nessibeliyeltay/Documents/ALEM/forum/internal/handler/middleware.go:93 2025/01/13 18:59:36 logger.go:39: [::1]:57963 - HTTP/2.0 GET /static/css/style.css
INFO: /Users/nessibeliyeltay/Documents/ALEM/forum/internal/handler/middleware.go:93 2025/01/13 18:59:36 logger.go:39: [::1]:57963 - HTTP/2.0 GET /static/js/script.js
INFO: /Users/nessibeliyeltay/Documents/ALEM/forum/internal/handler/middleware.go:93 2025/01/13 18:59:39 logger.go:39: [::1]:57963 - HTTP/2.0 GET /post?id=24
INFO: /Users/nessibeliyeltay/Documents/ALEM/forum/internal/handler/middleware.go:93 2025/01/13 18:59:43 logger.go:39: [::1]:57963 - HTTP/2.0 GET /post/update?id=24
INFO: /Users/nessibeliyeltay/Documents/ALEM/forum/internal/handler/middleware.go:93 2025/01/13 19:02:00 logger.go:39: [::1]:57967 - HTTP/2.0 GET /manage/categories
INFO: /Users/nessibeliyeltay/Documents/ALEM/forum/internal/handler/middleware.go:93 2025/01/13 19:02:00 logger.go:39: [::1]:57967 - HTTP/2.0 GET /static/css/style.css
INFO: /Users/nessibeliyeltay/Documents/ALEM/forum/internal/handler/middleware.go:93 2025/01/13 19:02:00 logger.go:39: [::1]:57967 - HTTP/2.0 GET /static/js/script.js
INFO: /Users/nessibeliyeltay/Documents/ALEM/forum/internal/handler/middleware.go:93 2025/01/13 19:02:16 logger.go:39: [::1]:57967 - HTTP/2.0 POST /manage/categories
INFO: /Users/nessibeliyeltay/Documents/ALEM/forum/internal/handler/middleware.go:93 2025/01/13 19:02:16 logger.go:39: [::1]:57967 - HTTP/2.0 GET /manage/categories
INFO: /Users/nessibeliyeltay/Documents/ALEM/forum/internal/handler/middleware.go:93 2025/01/13 19:02:20 logger.go:39: [::1]:57967 - HTTP/2.0 POST /manage/categories?category_id=11
INFO: /Users/nessibeliyeltay/Documents/ALEM/forum/internal/handler/middleware.go:93 2025/01/13 19:02:20 logger.go:39: [::1]:57967 - HTTP/2.0 GET /manage/categories
INFO: /Users/nessibeliyeltay/Documents/ALEM/forum/internal/handler/middleware.go:93 2025/01/13 19:02:27 logger.go:39: [::1]:57967 - HTTP/2.0 POST /manage/categories
INFO: /Users/nessibeliyeltay/Documents/ALEM/forum/internal/handler/middleware.go:93 2025/01/13 19:02:27 logger.go:39: [::1]:57967 - HTTP/2.0 GET /manage/categories
INFO: /Users/nessibeliyeltay/Documents/ALEM/forum/main.go:140 2025/01/13 19:05:32 logger.go:39: shutting down server...
INFO: /Users/nessibeliyeltay/Documents/ALEM/forum/main.go:149 2025/01/13 19:05:32 logger.go:39: server stopped gracefully
INFO: /Users/nessibeliyeltay/Documents/ALEM/forum/main.go:46 2025/01/13 19:05:37 logger.go:39: connected to db
INFO: /Users/nessibeliyeltay/Documents/ALEM/forum/main.go:57 2025/01/13 19:05:37 logger.go:39: server is running on https://localhost:8081
INFO: /Users/nessibeliyeltay/Documents/ALEM/forum/internal/handler/middleware.go:93 2025/01/13 19:05:41 logger.go:39: [::1]:57978 - HTTP/2.0 GET /
INFO: /Users/nessibeliyeltay/Documents/ALEM/forum/internal/handler/middleware.go:93 2025/01/13 19:05:41 logger.go:39: [::1]:57978 - HTTP/2.0 GET /static/css/style.css
INFO: /Users/nessibeliyeltay/Documents/ALEM/forum/internal/handler/middleware.go:93 2025/01/13 19:05:41 logger.go:39: [::1]:57978 - HTTP/2.0 GET /static/js/script.js
INFO: /Users/nessibeliyeltay/Documents/ALEM/forum/internal/handler/middleware.go:93 2025/01/13 19:05:43 logger.go:39: [::1]:57978 - HTTP/2.0 GET /post?id=24
INFO: /Users/nessibeliyeltay/Documents/ALEM/forum/internal/handler/middleware.go:93 2025/01/13 19:05:45 logger.go:39: [::1]:57978 - HTTP/2.0 GET /post/update?id=24
INFO: /Users/nessibeliyeltay/Documents/ALEM/forum/internal/handler/middleware.go:93 2025/01/13 19:05:56 logger.go:39: [::1]:57978 - HTTP/2.0 POST /post/update?id=24
INFO: /Users/nessibeliyeltay/Documents/ALEM/forum/internal/handler/middleware.go:93 2025/01/13 19:05:56 logger.go:39: [::1]:57978 - HTTP/2.0 GET /post?id=24
INFO: /Users/nessibeliyeltay/Documents/ALEM/forum/internal/handler/middleware.go:93 2025/01/13 19:06:28 logger.go:39: [::1]:57978 - HTTP/2.0 GET /post/update?id=24
INFO: /Users/nessibeliyeltay/Documents/ALEM/forum/internal/handler/middleware.go:93 2025/01/13 19:06:38 logger.go:39: [::1]:57978 - HTTP/2.0 POST /post/update?id=24
INFO: /Users/nessibeliyeltay/Documents/ALEM/forum/internal/handler/middleware.go:93 2025/01/13 19:06:38 logger.go:39: [::1]:57978 - HTTP/2.0 GET /post?id=24
INFO: /Users/nessibeliyeltay/Documents/ALEM/forum/main.go:140 2025/01/13 19:16:52 logger.go:39: shutting down server...
INFO: /Users/nessibeliyeltay/Documents/ALEM/forum/main.go:149 2025/01/13 19:16:52 logger.go:39: server stopped gracefully
INFO: /Users/nessibeliyeltay/Documents/ALEM/forum/main.go:46 2025/01/13 19:30:52 logger.go:39: connected to db
INFO: /Users/nessibeliyeltay/Documents/ALEM/forum/main.go:57 2025/01/13 19:30:52 logger.go:39: server is running on https://localhost:8081
INFO: /Users/nessibeliyeltay/Documents/ALEM/forum/internal/handler/middleware.go:93 2025/01/13 19:30:56 logger.go:39: [::1]:58016 - HTTP/2.0 GET /post?id=24
INFO: /Users/nessibeliyeltay/Documents/ALEM/forum/internal/handler/middleware.go:93 2025/01/13 19:30:56 logger.go:39: [::1]:58016 - HTTP/2.0 GET /static/css/style.css
INFO: /Users/nessibeliyeltay/Documents/ALEM/forum/internal/handler/middleware.go:93 2025/01/13 19:30:56 logger.go:39: [::1]:58016 - HTTP/2.0 GET /static/js/script.js
INFO: /Users/nessibeliyeltay/Documents/ALEM/forum/internal/handler/middleware.go:93 2025/01/13 19:30:59 logger.go:39: [::1]:58016 - HTTP/2.0 GET /post/update?id=24
INFO: /Users/nessibeliyeltay/Documents/ALEM/forum/internal/handler/middleware.go:93 2025/01/13 19:31:07 logger.go:39: [::1]:58016 - HTTP/2.0 POST /post/update?id=24
ERROR: /Users/nessibeliyeltay/Documents/ALEM/forum/internal/handler/update_page.go:198 2025/01/13 19:31:07 logger.go:39: handle image upload: get image: request Content-Type isn't multipart/form-data
INFO: /Users/nessibeliyeltay/Documents/ALEM/forum/internal/handler/middleware.go:93 2025/01/13 19:32:25 logger.go:39: [::1]:58016 - HTTP/2.0 GET /post/update
ERROR: /Users/nessibeliyeltay/Documents/ALEM/forum/internal/handler/update_page.go:50 2025/01/13 19:32:25 logger.go:39: query or post_id invalid
INFO: /Users/nessibeliyeltay/Documents/ALEM/forum/internal/handler/middleware.go:93 2025/01/13 19:32:31 logger.go:39: [::1]:58016 - HTTP/2.0 GET /
INFO: /Users/nessibeliyeltay/Documents/ALEM/forum/internal/handler/middleware.go:93 2025/01/13 19:32:32 logger.go:39: [::1]:58016 - HTTP/2.0 GET /post?id=24
INFO: /Users/nessibeliyeltay/Documents/ALEM/forum/internal/handler/middleware.go:93 2025/01/13 19:32:34 logger.go:39: [::1]:58016 - HTTP/2.0 GET /post/update?id=24
INFO: /Users/nessibeliyeltay/Documents/ALEM/forum/internal/handler/middleware.go:93 2025/01/13 19:33:05 logger.go:39: [::1]:58016 - HTTP/2.0 POST /post/update?id=24
ERROR: /Users/nessibeliyeltay/Documents/ALEM/forum/internal/handler/update_page.go:198 2025/01/13 19:36:20 logger.go:39: handle image upload: get image: request Content-Type isn't multipart/form-data
INFO: /Users/nessibeliyeltay/Documents/ALEM/forum/main.go:140 2025/01/13 19:36:20 logger.go:39: shutting down server...
INFO: /Users/nessibeliyeltay/Documents/ALEM/forum/main.go:149 2025/01/13 19:36:20 logger.go:39: server stopped gracefully
INFO: /Users/nessibeliyeltay/Documents/ALEM/forum/main.go:46 2025/01/13 19:36:27 logger.go:39: connected to db
INFO: /Users/nessibeliyeltay/Documents/ALEM/forum/main.go:57 2025/01/13 19:36:27 logger.go:39: server is running on https://localhost:8081
INFO: /Users/nessibeliyeltay/Documents/ALEM/forum/internal/handler/middleware.go:93 2025/01/13 19:36:32 logger.go:39: [::1]:58032 - HTTP/2.0 GET /
INFO: /Users/nessibeliyeltay/Documents/ALEM/forum/internal/handler/middleware.go:93 2025/01/13 19:36:32 logger.go:39: [::1]:58032 - HTTP/2.0 GET /static/css/style.css
INFO: /Users/nessibeliyeltay/Documents/ALEM/forum/internal/handler/middleware.go:93 2025/01/13 19:36:32 logger.go:39: [::1]:58032 - HTTP/2.0 GET /static/js/script.js
INFO: /Users/nessibeliyeltay/Documents/ALEM/forum/internal/handler/middleware.go:93 2025/01/13 19:36:36 logger.go:39: [::1]:58032 - HTTP/2.0 GET /post?id=24
INFO: /Users/nessibeliyeltay/Documents/ALEM/forum/internal/handler/middleware.go:93 2025/01/13 19:36:38 logger.go:39: [::1]:58032 - HTTP/2.0 GET /
INFO: /Users/nessibeliyeltay/Documents/ALEM/forum/internal/handler/middleware.go:93 2025/01/13 19:36:38 logger.go:39: [::1]:58032 - HTTP/2.0 GET /post?id=23
INFO: /Users/nessibeliyeltay/Documents/ALEM/forum/internal/handler/middleware.go:93 2025/01/13 19:36:38 logger.go:39: [::1]:58032 - HTTP/2.0 GET /static/img/ce3bea24-d0df-4b8c-8cfa-7e444d1ce9e7
INFO: /Users/nessibeliyeltay/Documents/ALEM/forum/internal/handler/middleware.go:93 2025/01/13 19:36:41 logger.go:39: [::1]:58032 - HTTP/2.0 GET /
INFO: /Users/nessibeliyeltay/Documents/ALEM/forum/internal/handler/middleware.go:93 2025/01/13 19:36:42 logger.go:39: [::1]:58032 - HTTP/2.0 GET /post?id=24
INFO: /Users/nessibeliyeltay/Documents/ALEM/forum/internal/handler/middleware.go:93 2025/01/13 19:36:44 logger.go:39: [::1]:58032 - HTTP/2.0 GET /post/update?id=24
INFO: /Users/nessibeliyeltay/Documents/ALEM/forum/internal/handler/middleware.go:93 2025/01/13 19:36:52 logger.go:39: [::1]:58032 - HTTP/2.0 POST /post/update?id=24
INFO: /Users/nessibeliyeltay/Documents/ALEM/forum/internal/handler/middleware.go:93 2025/01/13 19:36:52 logger.go:39: [::1]:58032 - HTTP/2.0 GET /post?id=24
INFO: /Users/nessibeliyeltay/Documents/ALEM/forum/internal/handler/middleware.go:93 2025/01/13 19:37:11 logger.go:39: [::1]:58032 - HTTP/2.0 GET /post/update?id=24
INFO: /Users/nessibeliyeltay/Documents/ALEM/forum/internal/handler/middleware.go:93 2025/01/13 19:37:19 logger.go:39: [::1]:58032 - HTTP/2.0 POST /post/update?id=24
INFO: /Users/nessibeliyeltay/Documents/ALEM/forum/internal/handler/middleware.go:93 2025/01/13 19:37:19 logger.go:39: [::1]:58032 - HTTP/2.0 GET /post?id=24
INFO: /Users/nessibeliyeltay/Documents/ALEM/forum/internal/handler/middleware.go:93 2025/01/13 19:38:03 logger.go:39: [::1]:58032 - HTTP/2.0 GET /post/update?id=24
INFO: /Users/nessibeliyeltay/Documents/ALEM/forum/internal/handler/middleware.go:93 2025/01/13 19:38:12 logger.go:39: [::1]:58032 - HTTP/2.0 POST /post/update?id=24
INFO: /Users/nessibeliyeltay/Documents/ALEM/forum/internal/handler/middleware.go:93 2025/01/13 19:38:12 logger.go:39: [::1]:58032 - HTTP/2.0 GET /post?id=24
INFO: /Users/nessibeliyeltay/Documents/ALEM/forum/internal/handler/middleware.go:93 2025/01/13 19:38:34 logger.go:39: [::1]:58032 - HTTP/2.0 GET /post/update?id=24
INFO: /Users/nessibeliyeltay/Documents/ALEM/forum/internal/handler/middleware.go:93 2025/01/13 19:38:44 logger.go:39: [::1]:58032 - HTTP/2.0 POST /post/update?id=24
INFO: /Users/nessibeliyeltay/Documents/ALEM/forum/main.go:140 2025/01/13 19:40:00 logger.go:39: shutting down server...
INFO: /Users/nessibeliyeltay/Documents/ALEM/forum/main.go:149 2025/01/13 19:40:00 logger.go:39: server stopped gracefully
INFO: /Users/nessibeliyeltay/Documents/ALEM/forum/main.go:46 2025/01/13 19:40:19 logger.go:39: connected to db
INFO: /Users/nessibeliyeltay/Documents/ALEM/forum/main.go:57 2025/01/13 19:40:19 logger.go:39: server is running on https://localhost:8081
INFO: /Users/nessibeliyeltay/Documents/ALEM/forum/internal/handler/middleware.go:93 2025/01/13 19:40:21 logger.go:39: [::1]:58037 - HTTP/2.0 GET /post/update?id=24
INFO: /Users/nessibeliyeltay/Documents/ALEM/forum/internal/handler/middleware.go:93 2025/01/13 19:40:27 logger.go:39: [::1]:58037 - HTTP/2.0 POST /post/update?id=24
ERROR: /Users/nessibeliyeltay/Documents/ALEM/forum/internal/handler/update_page.go:198 2025/01/13 19:40:27 logger.go:39: handle image upload: get image: request Content-Type isn't multipart/form-data
INFO: /Users/nessibeliyeltay/Documents/ALEM/forum/internal/handler/middleware.go:93 2025/01/13 19:40:51 logger.go:39: [::1]:58037 - HTTP/2.0 GET /
INFO: /Users/nessibeliyeltay/Documents/ALEM/forum/internal/handler/middleware.go:93 2025/01/13 19:40:51 logger.go:39: [::1]:58037 - HTTP/2.0 GET /static/js/script.js
INFO: /Users/nessibeliyeltay/Documents/ALEM/forum/internal/handler/middleware.go:93 2025/01/13 19:40:51 logger.go:39: [::1]:58037 - HTTP/2.0 GET /static/css/style.css
INFO: /Users/nessibeliyeltay/Documents/ALEM/forum/internal/handler/middleware.go:93 2025/01/13 19:40:53 logger.go:39: [::1]:58037 - HTTP/2.0 GET /post/create
INFO: /Users/nessibeliyeltay/Documents/ALEM/forum/internal/handler/middleware.go:93 2025/01/13 19:41:02 logger.go:39: [::1]:58037 - HTTP/2.0 POST /post/create
INFO: /Users/nessibeliyeltay/Documents/ALEM/forum/internal/handler/middleware.go:93 2025/01/13 19:41:02 logger.go:39: [::1]:58037 - HTTP/2.0 GET /post?id=25
INFO: /Users/nessibeliyeltay/Documents/ALEM/forum/internal/handler/middleware.go:93 2025/01/13 19:41:02 logger.go:39: [::1]:58037 - HTTP/2.0 GET /static/img/16f32b9e-2261-438c-a716-9b900ae09f02
INFO: /Users/nessibeliyeltay/Documents/ALEM/forum/main.go:140 2025/01/13 19:42:43 logger.go:39: shutting down server...
INFO: /Users/nessibeliyeltay/Documents/ALEM/forum/main.go:149 2025/01/13 19:42:43 logger.go:39: server stopped gracefully
INFO: /Users/nessibeliyeltay/Documents/ALEM/forum/main.go:46 2025/01/13 19:42:46 logger.go:39: connected to db
INFO: /Users/nessibeliyeltay/Documents/ALEM/forum/main.go:57 2025/01/13 19:42:46 logger.go:39: server is running on https://localhost:8081
INFO: /Users/nessibeliyeltay/Documents/ALEM/forum/internal/handler/middleware.go:93 2025/01/13 19:42:49 logger.go:39: [::1]:58052 - HTTP/2.0 GET /
INFO: /Users/nessibeliyeltay/Documents/ALEM/forum/internal/handler/middleware.go:93 2025/01/13 19:42:51 logger.go:39: [::1]:58052 - HTTP/2.0 GET /post/create
INFO: /Users/nessibeliyeltay/Documents/ALEM/forum/internal/handler/middleware.go:93 2025/01/13 19:43:00 logger.go:39: [::1]:58052 - HTTP/2.0 POST /post/create
INFO: /Users/nessibeliyeltay/Documents/ALEM/forum/internal/handler/middleware.go:93 2025/01/13 19:43:26 logger.go:39: [::1]:58052 - HTTP/2.0 GET /
INFO: /Users/nessibeliyeltay/Documents/ALEM/forum/internal/handler/middleware.go:93 2025/01/13 19:43:26 logger.go:39: [::1]:58052 - HTTP/2.0 GET /static/css/style.css
INFO: /Users/nessibeliyeltay/Documents/ALEM/forum/internal/handler/middleware.go:93 2025/01/13 19:43:26 logger.go:39: [::1]:58052 - HTTP/2.0 GET /static/js/script.js
INFO: /Users/nessibeliyeltay/Documents/ALEM/forum/internal/handler/middleware.go:93 2025/01/13 19:43:29 logger.go:39: [::1]:58052 - HTTP/2.0 GET /post?id=24
INFO: /Users/nessibeliyeltay/Documents/ALEM/forum/internal/handler/middleware.go:93 2025/01/13 19:43:32 logger.go:39: [::1]:58052 - HTTP/2.0 GET /post/update?id=24
INFO: /Users/nessibeliyeltay/Documents/ALEM/forum/internal/handler/middleware.go:93 2025/01/13 19:43:40 logger.go:39: [::1]:58052 - HTTP/2.0 POST /post/update?id=24
INFO: /Users/nessibeliyeltay/Documents/ALEM/forum/main.go:140 2025/01/13 19:48:11 logger.go:39: shutting down server...
ERROR: /Users/nessibeliyeltay/Documents/ALEM/forum/internal/handler/update_page.go:198 2025/01/13 19:48:11 logger.go:39: handle image upload: get image: request Content-Type isn't multipart/form-data
INFO: /Users/nessibeliyeltay/Documents/ALEM/forum/main.go:149 2025/01/13 19:48:11 logger.go:39: server stopped gracefully
INFO: /Users/nessibeliyeltay/Documents/ALEM/forum/main.go:46 2025/01/13 19:48:13 logger.go:39: connected to db
INFO: /Users/nessibeliyeltay/Documents/ALEM/forum/main.go:57 2025/01/13 19:48:13 logger.go:39: server is running on https://localhost:8081
INFO: /Users/nessibeliyeltay/Documents/ALEM/forum/internal/handler/middleware.go:93 2025/01/13 19:48:22 logger.go:39: [::1]:58063 - HTTP/2.0 GET /post/update?id=24
ERROR: /Users/nessibeliyeltay/Documents/ALEM/forum/internal/handler/middleware.go:65 2025/01/13 19:48:22 logger.go:39: get cookie: http: named cookie not present
INFO: /Users/nessibeliyeltay/Documents/ALEM/forum/internal/handler/middleware.go:93 2025/01/13 19:48:22 logger.go:39: [::1]:58063 - HTTP/2.0 GET /login
ERROR: /Users/nessibeliyeltay/Documents/ALEM/forum/internal/handler/middleware.go:65 2025/01/13 19:48:22 logger.go:39: get cookie: http: named cookie not present
INFO: /Users/nessibeliyeltay/Documents/ALEM/forum/internal/handler/middleware.go:93 2025/01/13 19:48:22 logger.go:39: [::1]:58063 - HTTP/2.0 GET /static/js/script.js
ERROR: /Users/nessibeliyeltay/Documents/ALEM/forum/internal/handler/middleware.go:65 2025/01/13 19:48:22 logger.go:39: get cookie: http: named cookie not present
INFO: /Users/nessibeliyeltay/Documents/ALEM/forum/internal/handler/middleware.go:93 2025/01/13 19:48:22 logger.go:39: [::1]:58063 - HTTP/2.0 GET /static/css/style.css
ERROR: /Users/nessibeliyeltay/Documents/ALEM/forum/internal/handler/middleware.go:65 2025/01/13 19:48:22 logger.go:39: get cookie: http: named cookie not present
INFO: /Users/nessibeliyeltay/Documents/ALEM/forum/internal/handler/middleware.go:93 2025/01/13 19:48:25 logger.go:39: [::1]:58063 - HTTP/2.0 GET /login
ERROR: /Users/nessibeliyeltay/Documents/ALEM/forum/internal/handler/middleware.go:65 2025/01/13 19:48:25 logger.go:39: get cookie: http: named cookie not present
INFO: /Users/nessibeliyeltay/Documents/ALEM/forum/internal/handler/middleware.go:93 2025/01/13 19:48:41 logger.go:39: [::1]:58063 - HTTP/2.0 POST /login
ERROR: /Users/nessibeliyeltay/Documents/ALEM/forum/internal/handler/middleware.go:65 2025/01/13 19:48:41 logger.go:39: get cookie: http: named cookie not present
INFO: /Users/nessibeliyeltay/Documents/ALEM/forum/internal/handler/middleware.go:93 2025/01/13 19:49:24 logger.go:39: [::1]:58063 - HTTP/2.0 POST /login
ERROR: /Users/nessibeliyeltay/Documents/ALEM/forum/internal/handler/middleware.go:65 2025/01/13 19:49:24 logger.go:39: get cookie: http: named cookie not present
INFO: /Users/nessibeliyeltay/Documents/ALEM/forum/internal/handler/middleware.go:93 2025/01/13 19:49:24 logger.go:39: [::1]:58063 - HTTP/2.0 GET /
INFO: /Users/nessibeliyeltay/Documents/ALEM/forum/internal/handler/middleware.go:93 2025/01/13 19:49:29 logger.go:39: [::1]:58063 - HTTP/2.0 GET /post?id=24
INFO: /Users/nessibeliyeltay/Documents/ALEM/forum/internal/handler/middleware.go:93 2025/01/13 19:49:31 logger.go:39: [::1]:58063 - HTTP/2.0 GET /post/update?id=24
INFO: /Users/nessibeliyeltay/Documents/ALEM/forum/internal/handler/middleware.go:93 2025/01/13 19:49:36 logger.go:39: [::1]:58063 - HTTP/2.0 POST /post/update?id=24
ERROR: /Users/nessibeliyeltay/Documents/ALEM/forum/internal/handler/update_page.go:198 2025/01/13 19:49:51 logger.go:39: handle image upload: get image: request Content-Type isn't multipart/form-data
INFO: /Users/nessibeliyeltay/Documents/ALEM/forum/internal/handler/middleware.go:93 2025/01/13 19:49:59 logger.go:39: [::1]:58063 - HTTP/2.0 GET /
INFO: /Users/nessibeliyeltay/Documents/ALEM/forum/internal/handler/middleware.go:93 2025/01/13 19:49:59 logger.go:39: [::1]:58063 - HTTP/2.0 GET /static/css/style.css
INFO: /Users/nessibeliyeltay/Documents/ALEM/forum/internal/handler/middleware.go:93 2025/01/13 19:49:59 logger.go:39: [::1]:58063 - HTTP/2.0 GET /static/js/script.js
INFO: /Users/nessibeliyeltay/Documents/ALEM/forum/internal/handler/middleware.go:93 2025/01/13 19:50:04 logger.go:39: [::1]:58063 - HTTP/2.0 GET /post/create
INFO: /Users/nessibeliyeltay/Documents/ALEM/forum/main.go:140 2025/01/13 19:50:47 logger.go:39: shutting down server...
INFO: /Users/nessibeliyeltay/Documents/ALEM/forum/main.go:149 2025/01/13 19:50:47 logger.go:39: server stopped gracefully
INFO: /Users/nessibeliyeltay/Documents/ALEM/forum/main.go:46 2025/01/13 19:50:49 logger.go:39: connected to db
INFO: /Users/nessibeliyeltay/Documents/ALEM/forum/main.go:57 2025/01/13 19:50:49 logger.go:39: server is running on https://localhost:8081
INFO: /Users/nessibeliyeltay/Documents/ALEM/forum/internal/handler/middleware.go:93 2025/01/13 19:50:51 logger.go:39: [::1]:58069 - HTTP/2.0 GET /
INFO: /Users/nessibeliyeltay/Documents/ALEM/forum/internal/handler/middleware.go:93 2025/01/13 19:50:54 logger.go:39: [::1]:58069 - HTTP/2.0 GET /post?id=24
INFO: /Users/nessibeliyeltay/Documents/ALEM/forum/internal/handler/middleware.go:93 2025/01/13 19:50:56 logger.go:39: [::1]:58069 - HTTP/2.0 GET /post/update?id=24
INFO: /Users/nessibeliyeltay/Documents/ALEM/forum/internal/handler/middleware.go:93 2025/01/13 19:51:02 logger.go:39: [::1]:58069 - HTTP/2.0 POST /post/update?id=24
ERROR: /Users/nessibeliyeltay/Documents/ALEM/forum/internal/handler/update_page.go:217 2025/01/13 19:51:02 logger.go:39: update post: add post with image: update post image: ON CONFLICT clause does not match any PRIMARY KEY or UNIQUE constraint
INFO: /Users/nessibeliyeltay/Documents/ALEM/forum/main.go:140 2025/01/13 20:12:38 logger.go:39: shutting down server...
INFO: /Users/nessibeliyeltay/Documents/ALEM/forum/main.go:149 2025/01/13 20:12:38 logger.go:39: server stopped gracefully
INFO: /Users/nessibeliyeltay/Documents/ALEM/forum/main.go:46 2025/01/13 20:12:40 logger.go:39: connected to db
INFO: /Users/nessibeliyeltay/Documents/ALEM/forum/main.go:57 2025/01/13 20:12:40 logger.go:39: server is running on https://localhost:8081
INFO: /Users/nessibeliyeltay/Documents/ALEM/forum/internal/handler/middleware.go:93 2025/01/13 20:12:48 logger.go:39: [::1]:58151 - HTTP/2.0 GET /post/update?id=24
INFO: /Users/nessibeliyeltay/Documents/ALEM/forum/internal/handler/middleware.go:93 2025/01/13 20:12:48 logger.go:39: [::1]:58151 - HTTP/2.0 GET /static/css/style.css
INFO: /Users/nessibeliyeltay/Documents/ALEM/forum/internal/handler/middleware.go:93 2025/01/13 20:12:48 logger.go:39: [::1]:58151 - HTTP/2.0 GET /static/js/script.js
INFO: /Users/nessibeliyeltay/Documents/ALEM/forum/internal/handler/middleware.go:93 2025/01/13 20:12:50 logger.go:39: [::1]:58151 - HTTP/2.0 GET /
INFO: /Users/nessibeliyeltay/Documents/ALEM/forum/internal/handler/home.go:54 2025/01/13 20:12:50 logger.go:39: get  moderated posts: query execution: no such column: mp.reason
INFO: /Users/nessibeliyeltay/Documents/ALEM/forum/main.go:140 2025/01/13 20:15:11 logger.go:39: shutting down server...
INFO: /Users/nessibeliyeltay/Documents/ALEM/forum/main.go:149 2025/01/13 20:15:11 logger.go:39: server stopped gracefully
INFO: /Users/nessibeliyeltay/Documents/ALEM/forum/main.go:46 2025/01/13 20:20:25 logger.go:39: connected to db
INFO: /Users/nessibeliyeltay/Documents/ALEM/forum/main.go:57 2025/01/13 20:20:25 logger.go:39: server is running on https://localhost:8081
INFO: /Users/nessibeliyeltay/Documents/ALEM/forum/internal/handler/middleware.go:93 2025/01/13 20:20:29 logger.go:39: [::1]:58160 - HTTP/2.0 GET /
INFO: /Users/nessibeliyeltay/Documents/ALEM/forum/main.go:140 2025/01/13 20:20:45 logger.go:39: shutting down server...
INFO: /Users/nessibeliyeltay/Documents/ALEM/forum/main.go:149 2025/01/13 20:20:45 logger.go:39: server stopped gracefully
